c:\users\jan\documents\programming\edpath\edpath\debug\edpath.pch
c:\users\jan\documents\programming\edpath\edpath\debug\vc140.pdb
c:\users\jan\documents\programming\edpath\edpath\debug\vc140.idb
c:\users\jan\documents\programming\edpath\edpath\debug\stdafx.obj
c:\users\jan\documents\programming\edpath\edpath\debug\edpath.obj
c:\users\jan\documents\programming\edpath\edpath\debug\euclid.obj
c:\users\jan\documents\programming\edpath\edpath\debug\star.obj
c:\users\jan\documents\programming\edpath\edpath\debug\navservice.obj
c:\users\jan\documents\programming\edpath\edpath\debug\path_element.obj
c:\users\jan\documents\programming\edpath\debug\edpath.ilk
c:\users\jan\documents\programming\edpath\debug\edpath.exe
c:\users\jan\documents\programming\edpath\debug\edpath.pdb
c:\users\jan\documents\programming\edpath\edpath\debug\edpath.res
c:\users\jan\documents\programming\edpath\edpath\debug\edpath.tlog\cl.command.1.tlog
c:\users\jan\documents\programming\edpath\edpath\debug\edpath.tlog\cl.read.1.tlog
c:\users\jan\documents\programming\edpath\edpath\debug\edpath.tlog\cl.write.1.tlog
c:\users\jan\documents\programming\edpath\edpath\debug\edpath.tlog\link.command.1.tlog
c:\users\jan\documents\programming\edpath\edpath\debug\edpath.tlog\link.read.1.tlog
c:\users\jan\documents\programming\edpath\edpath\debug\edpath.tlog\link.write.1.tlog
c:\users\jan\documents\programming\edpath\edpath\debug\edpath.tlog\rc.command.1.tlog
c:\users\jan\documents\programming\edpath\edpath\debug\edpath.tlog\rc.read.1.tlog
c:\users\jan\documents\programming\edpath\edpath\debug\edpath.tlog\rc.write.1.tlog
